<?xml version="1.0" encoding="UTF-8"?>
<coverage generated="1546229180712" clover="3.2.0">
  <project timestamp="1546229180713" name="All files">
    <metrics statements="177" coveredstatements="169" conditionals="59" coveredconditionals="53" methods="30" coveredmethods="28" elements="266" coveredelements="250" complexity="0" loc="177" ncloc="177" packages="2" files="2" classes="2">
      <package name="cms">
        <metrics statements="5" coveredstatements="5" conditionals="0" coveredconditionals="0" methods="2" coveredmethods="2"/>
        <file name="utils.ts" path="/home/ciokan/Projects/personal/qards/src/cms/utils.ts">
          <metrics statements="5" coveredstatements="5" conditionals="0" coveredconditionals="0" methods="2" coveredmethods="2"/>
          <line num="1" count="2" type="stmt"/>
          <line num="3" count="2" type="stmt"/>
          <line num="4" count="1" type="stmt"/>
          <line num="7" count="2" type="stmt"/>
          <line num="8" count="27" type="stmt"/>
        </file>
      </package>
      <package name="utils">
        <metrics statements="172" coveredstatements="164" conditionals="59" coveredconditionals="53" methods="28" coveredmethods="26"/>
        <file name="helpers.ts" path="/home/ciokan/Projects/personal/qards/src/utils/helpers.ts">
          <metrics statements="172" coveredstatements="164" conditionals="59" coveredconditionals="53" methods="28" coveredmethods="26"/>
          <line num="1" count="2" type="stmt"/>
          <line num="2" count="2" type="stmt"/>
          <line num="6" count="2" type="stmt"/>
          <line num="7" count="2" type="stmt"/>
          <line num="8" count="2" type="stmt"/>
          <line num="10" count="2" type="stmt"/>
          <line num="11" count="2" type="stmt"/>
          <line num="12" count="2" type="stmt"/>
          <line num="13" count="2" type="stmt"/>
          <line num="15" count="2" type="stmt"/>
          <line num="16" count="2" type="stmt"/>
          <line num="17" count="0" type="stmt"/>
          <line num="20" count="2" type="stmt"/>
          <line num="21" count="1862" type="cond" truecount="4" falsecount="0"/>
          <line num="22" count="1830" type="stmt"/>
          <line num="25" count="2" type="stmt"/>
          <line num="26" count="0" type="stmt"/>
          <line num="29" count="2" type="stmt"/>
          <line num="35" count="3" type="stmt"/>
          <line num="37" count="3" type="stmt"/>
          <line num="39" count="3" type="stmt"/>
          <line num="41" count="3" type="stmt"/>
          <line num="42" count="68" type="stmt"/>
          <line num="43" count="68" type="stmt"/>
          <line num="44" count="68" type="stmt"/>
          <line num="46" count="68" type="stmt"/>
          <line num="47" count="68" type="stmt"/>
          <line num="48" count="68" type="stmt"/>
          <line num="49" count="68" type="stmt"/>
          <line num="51" count="68" type="cond" truecount="2" falsecount="0"/>
          <line num="52" count="1" type="stmt"/>
          <line num="53" count="67" type="cond" truecount="1" falsecount="1"/>
          <line num="54" count="0" type="stmt"/>
          <line num="57" count="68" type="stmt"/>
          <line num="62" count="3" type="stmt"/>
          <line num="64" count="29" type="stmt"/>
          <line num="67" count="29" type="stmt"/>
          <line num="69" count="29" type="stmt"/>
          <line num="70" count="29" type="stmt"/>
          <line num="71" count="1056" type="stmt"/>
          <line num="72" count="1056" type="stmt"/>
          <line num="73" count="1056" type="stmt"/>
          <line num="74" count="1056" type="stmt"/>
          <line num="76" count="1056" type="stmt"/>
          <line num="77" count="1056" type="stmt"/>
          <line num="78" count="1056" type="stmt"/>
          <line num="80" count="1056" type="stmt"/>
          <line num="82" count="1056" type="cond" truecount="2" falsecount="0"/>
          <line num="83" count="1055" type="stmt"/>
          <line num="86" count="1056" type="cond" truecount="2" falsecount="0"/>
          <line num="87" count="1055" type="stmt"/>
          <line num="92" count="29" type="stmt"/>
          <line num="94" count="29" type="stmt"/>
          <line num="100" count="3" type="stmt"/>
          <line num="101" count="3" type="stmt"/>
          <line num="103" count="3" type="stmt"/>
          <line num="104" count="144" type="stmt"/>
          <line num="106" count="144" type="cond" truecount="2" falsecount="0"/>
          <line num="107" count="115" type="stmt"/>
          <line num="108" count="29" type="cond" truecount="3" falsecount="1"/>
          <line num="109" count="0" type="stmt"/>
          <line num="110" count="0" type="stmt"/>
          <line num="112" count="29" type="stmt"/>
          <line num="113" count="29" type="stmt"/>
          <line num="114" count="29" type="stmt"/>
          <line num="119" count="3" type="stmt"/>
          <line num="124" count="29" type="stmt"/>
          <line num="125" count="29" type="stmt"/>
          <line num="127" count="29" type="stmt"/>
          <line num="129" count="29" type="stmt"/>
          <line num="130" count="3108" type="stmt"/>
          <line num="132" count="3108" type="cond" truecount="2" falsecount="0"/>
          <line num="133" count="3079" type="stmt"/>
          <line num="134" count="3079" type="stmt"/>
          <line num="135" count="29" type="cond" truecount="3" falsecount="1"/>
          <line num="136" count="0" type="stmt"/>
          <line num="137" count="0" type="stmt"/>
          <line num="138" count="0" type="stmt"/>
          <line num="140" count="29" type="stmt"/>
          <line num="141" count="29" type="stmt"/>
          <line num="142" count="29" type="stmt"/>
          <line num="143" count="29" type="stmt"/>
          <line num="148" count="29" type="stmt"/>
          <line num="153" count="2" type="stmt"/>
          <line num="154" count="17" type="stmt"/>
          <line num="156" count="17" type="stmt"/>
          <line num="157" count="56" type="cond" truecount="2" falsecount="0"/>
          <line num="158" count="26" type="stmt"/>
          <line num="159" count="26" type="cond" truecount="3" falsecount="1"/>
          <line num="161" count="26" type="cond" truecount="1" falsecount="1"/>
          <line num="162" count="26" type="stmt"/>
          <line num="167" count="26" type="stmt"/>
          <line num="178" count="2" type="stmt"/>
          <line num="179" count="8" type="stmt"/>
          <line num="183" count="16" type="stmt"/>
          <line num="189" count="16" type="stmt"/>
          <line num="190" count="16" type="stmt"/>
          <line num="192" count="16" type="cond" truecount="2" falsecount="0"/>
          <line num="193" count="2" type="stmt"/>
          <line num="194" count="2" type="stmt"/>
          <line num="200" count="16" type="stmt"/>
          <line num="201" count="16" type="stmt"/>
          <line num="203" count="16" type="cond" truecount="2" falsecount="0"/>
          <line num="204" count="2" type="stmt"/>
          <line num="205" count="2" type="stmt"/>
          <line num="210" count="8" type="stmt"/>
          <line num="211" count="24" type="stmt"/>
          <line num="212" count="24" type="stmt"/>
          <line num="215" count="8" type="stmt"/>
          <line num="218" count="2" type="stmt"/>
          <line num="219" count="5" type="stmt"/>
          <line num="238" count="2" type="stmt"/>
          <line num="239" count="1" type="stmt"/>
          <line num="241" count="1" type="stmt"/>
          <line num="244" count="6" type="stmt"/>
          <line num="246" count="6" type="stmt"/>
          <line num="247" count="12" type="cond" truecount="2" falsecount="0"/>
          <line num="248" count="3" type="stmt"/>
          <line num="249" count="3" type="stmt"/>
          <line num="253" count="6" type="cond" truecount="2" falsecount="0"/>
          <line num="254" count="3" type="stmt"/>
          <line num="262" count="1" type="stmt"/>
          <line num="269" count="2" type="cond" truecount="1" falsecount="0"/>
          <line num="270" count="2" type="stmt"/>
          <line num="272" count="2" type="stmt"/>
          <line num="273" count="2" type="cond" truecount="2" falsecount="0"/>
          <line num="274" count="1" type="stmt"/>
          <line num="276" count="1" type="cond" truecount="1" falsecount="1"/>
          <line num="277" count="1" type="stmt"/>
          <line num="278" count="1" type="stmt"/>
          <line num="284" count="2" type="stmt"/>
          <line num="294" count="2" type="stmt"/>
          <line num="295" count="4" type="stmt"/>
          <line num="296" count="1804" type="stmt"/>
          <line num="299" count="4" type="stmt"/>
          <line num="302" count="2" type="stmt"/>
          <line num="303" count="73" type="stmt"/>
          <line num="305" count="73" type="stmt"/>
          <line num="307" count="33" type="stmt"/>
          <line num="309" count="10" type="stmt"/>
          <line num="311" count="14" type="stmt"/>
          <line num="313" count="16" type="stmt"/>
          <line num="317" count="2" type="stmt"/>
          <line num="318" count="74" type="cond" truecount="2" falsecount="0"/>
          <line num="321" count="2" type="stmt"/>
          <line num="322" count="33" type="stmt"/>
          <line num="323" count="33" type="stmt"/>
          <line num="324" count="33" type="stmt"/>
          <line num="325" count="33" type="cond" truecount="2" falsecount="0"/>
          <line num="326" count="1" type="stmt"/>
          <line num="328" count="32" type="stmt"/>
          <line num="331" count="2" type="stmt"/>
          <line num="332" count="10" type="stmt"/>
          <line num="333" count="10" type="stmt"/>
          <line num="334" count="10" type="stmt"/>
          <line num="335" count="10" type="cond" truecount="2" falsecount="0"/>
          <line num="336" count="1" type="stmt"/>
          <line num="338" count="9" type="stmt"/>
          <line num="341" count="2" type="stmt"/>
          <line num="342" count="16" type="stmt"/>
          <line num="343" count="16" type="stmt"/>
          <line num="344" count="16" type="stmt"/>
          <line num="345" count="16" type="cond" truecount="2" falsecount="0"/>
          <line num="346" count="1" type="stmt"/>
          <line num="348" count="15" type="stmt"/>
          <line num="351" count="2" type="stmt"/>
          <line num="352" count="14" type="stmt"/>
          <line num="353" count="14" type="stmt"/>
          <line num="355" count="14" type="stmt"/>
          <line num="357" count="14" type="cond" truecount="2" falsecount="0"/>
          <line num="358" count="1" type="stmt"/>
          <line num="360" count="13" type="stmt"/>
        </file>
      </package>
    </metrics>
  </project>
</coverage>
