{"/home/ciokan/Projects/personal/qards/src/cms/utils.ts": {"path":"/home/ciokan/Projects/personal/qards/src/cms/utils.ts","statementMap":{"0":{"start":{"line":1,"column":0},"end":{"line":1,"column":39}},"1":{"start":{"line":4,"column":1},"end":{"line":4,"column":44}},"2":{"start":{"line":3,"column":0},"end":{"line":5,"column":1}},"3":{"start":{"line":8,"column":1},"end":{"line":8,"column":40}},"4":{"start":{"line":7,"column":0},"end":{"line":9,"column":1}}},"fnMap":{"0":{"name":"encodeWidgetDataObject","decl":{"start":{"line":3,"column":16},"end":{"line":3,"column":38}},"loc":{"start":{"line":3,"column":51},"end":{"line":5,"column":1}}},"1":{"name":"decodeWidgetDataObject","decl":{"start":{"line":7,"column":16},"end":{"line":7,"column":38}},"loc":{"start":{"line":7,"column":51},"end":{"line":9,"column":1}}}},"branchMap":{},"s":{"0":2,"1":1,"2":2,"3":27,"4":2},"f":{"0":1,"1":27},"b":{}}
,"/home/ciokan/Projects/personal/qards/src/utils/helpers.ts": {"path":"/home/ciokan/Projects/personal/qards/src/utils/helpers.ts","statementMap":{"0":{"start":{"line":1,"column":0},"end":{"line":1,"column":35}},"1":{"start":{"line":2,"column":0},"end":{"line":2,"column":59}},"2":{"start":{"line":6,"column":0},"end":{"line":6,"column":51}},"3":{"start":{"line":7,"column":0},"end":{"line":7,"column":33}},"4":{"start":{"line":8,"column":0},"end":{"line":8,"column":31}},"5":{"start":{"line":10,"column":21},"end":{"line":10,"column":65}},"6":{"start":{"line":11,"column":18},"end":{"line":11,"column":59}},"7":{"start":{"line":12,"column":20},"end":{"line":12,"column":63}},"8":{"start":{"line":13,"column":18},"end":{"line":13,"column":59}},"9":{"start":{"line":15,"column":13},"end":{"line":15,"column":74}},"10":{"start":{"line":16,"column":13},"end":{"line":18,"column":2}},"11":{"start":{"line":17,"column":1},"end":{"line":17,"column":46}},"12":{"start":{"line":21,"column":1},"end":{"line":21,"column":60}},"13":{"start":{"line":21,"column":47},"end":{"line":21,"column":60}},"14":{"start":{"line":22,"column":1},"end":{"line":22,"column":36}},"15":{"start":{"line":20,"column":0},"end":{"line":23,"column":1}},"16":{"start":{"line":26,"column":1},"end":{"line":26,"column":56}},"17":{"start":{"line":25,"column":0},"end":{"line":27,"column":1}},"18":{"start":{"line":29,"column":13},"end":{"line":151,"column":2}},"19":{"start":{"line":35,"column":15},"end":{"line":35,"column":17}},"20":{"start":{"line":37,"column":10},"end":{"line":37,"column":11}},"21":{"start":{"line":39,"column":2},"end":{"line":39,"column":37}},"22":{"start":{"line":41,"column":2},"end":{"line":60,"column":3}},"23":{"start":{"line":42,"column":3},"end":{"line":42,"column":32}},"24":{"start":{"line":43,"column":3},"end":{"line":43,"column":32}},"25":{"start":{"line":44,"column":3},"end":{"line":44,"column":32}},"26":{"start":{"line":46,"column":3},"end":{"line":46,"column":20}},"27":{"start":{"line":47,"column":3},"end":{"line":47,"column":42}},"28":{"start":{"line":48,"column":3},"end":{"line":48,"column":43}},"29":{"start":{"line":49,"column":3},"end":{"line":49,"column":20}},"30":{"start":{"line":51,"column":3},"end":{"line":55,"column":4}},"31":{"start":{"line":52,"column":4},"end":{"line":52,"column":21}},"32":{"start":{"line":53,"column":10},"end":{"line":55,"column":4}},"33":{"start":{"line":54,"column":4},"end":{"line":54,"column":14}},"34":{"start":{"line":57,"column":3},"end":{"line":59,"column":58}},"35":{"start":{"line":62,"column":2},"end":{"line":62,"column":16}},"36":{"start":{"line":64,"column":15},"end":{"line":64,"column":17}},"37":{"start":{"line":67,"column":10},"end":{"line":67,"column":11}},"38":{"start":{"line":69,"column":2},"end":{"line":69,"column":51}},"39":{"start":{"line":70,"column":2},"end":{"line":90,"column":3}},"40":{"start":{"line":71,"column":3},"end":{"line":71,"column":50}},"41":{"start":{"line":72,"column":3},"end":{"line":72,"column":50}},"42":{"start":{"line":73,"column":3},"end":{"line":73,"column":50}},"43":{"start":{"line":74,"column":3},"end":{"line":74,"column":50}},"44":{"start":{"line":76,"column":3},"end":{"line":76,"column":36}},"45":{"start":{"line":77,"column":3},"end":{"line":77,"column":43}},"46":{"start":{"line":78,"column":3},"end":{"line":78,"column":35}},"47":{"start":{"line":80,"column":3},"end":{"line":80,"column":47}},"48":{"start":{"line":82,"column":3},"end":{"line":84,"column":4}},"49":{"start":{"line":83,"column":4},"end":{"line":83,"column":48}},"50":{"start":{"line":86,"column":3},"end":{"line":88,"column":4}},"51":{"start":{"line":87,"column":4},"end":{"line":87,"column":48}},"52":{"start":{"line":92,"column":2},"end":{"line":92,"column":39}},"53":{"start":{"line":94,"column":2},"end":{"line":94,"column":16}},"54":{"start":{"line":100,"column":16},"end":{"line":100,"column":18}},"55":{"start":{"line":101,"column":2},"end":{"line":101,"column":41}},"56":{"start":{"line":103,"column":2},"end":{"line":117,"column":3}},"57":{"start":{"line":104,"column":11},"end":{"line":104,"column":31}},"58":{"start":{"line":106,"column":3},"end":{"line":115,"column":4}},"59":{"start":{"line":107,"column":4},"end":{"line":107,"column":38}},"60":{"start":{"line":108,"column":10},"end":{"line":115,"column":4}},"61":{"start":{"line":109,"column":4},"end":{"line":109,"column":51}},"62":{"start":{"line":110,"column":4},"end":{"line":110,"column":51}},"63":{"start":{"line":112,"column":4},"end":{"line":112,"column":52}},"64":{"start":{"line":113,"column":4},"end":{"line":113,"column":58}},"65":{"start":{"line":114,"column":4},"end":{"line":114,"column":51}},"66":{"start":{"line":119,"column":2},"end":{"line":119,"column":17}},"67":{"start":{"line":124,"column":15},"end":{"line":124,"column":17}},"68":{"start":{"line":125,"column":10},"end":{"line":125,"column":11}},"69":{"start":{"line":127,"column":2},"end":{"line":127,"column":18}},"70":{"start":{"line":129,"column":2},"end":{"line":146,"column":3}},"71":{"start":{"line":130,"column":3},"end":{"line":130,"column":29}},"72":{"start":{"line":132,"column":3},"end":{"line":144,"column":4}},"73":{"start":{"line":133,"column":4},"end":{"line":133,"column":37}},"74":{"start":{"line":134,"column":4},"end":{"line":134,"column":8}},"75":{"start":{"line":135,"column":10},"end":{"line":144,"column":4}},"76":{"start":{"line":136,"column":4},"end":{"line":136,"column":35}},"77":{"start":{"line":137,"column":4},"end":{"line":137,"column":63}},"78":{"start":{"line":138,"column":4},"end":{"line":138,"column":11}},"79":{"start":{"line":140,"column":4},"end":{"line":140,"column":35}},"80":{"start":{"line":141,"column":4},"end":{"line":141,"column":35}},"81":{"start":{"line":142,"column":4},"end":{"line":142,"column":83}},"82":{"start":{"line":143,"column":4},"end":{"line":143,"column":11}},"83":{"start":{"line":148,"column":2},"end":{"line":148,"column":16}},"84":{"start":{"line":154,"column":36},"end":{"line":154,"column":38}},"85":{"start":{"line":156,"column":1},"end":{"line":165,"column":4}},"86":{"start":{"line":157,"column":2},"end":{"line":164,"column":3}},"87":{"start":{"line":158,"column":18},"end":{"line":158,"column":38}},"88":{"start":{"line":159,"column":3},"end":{"line":159,"column":44}},"89":{"start":{"line":159,"column":37},"end":{"line":159,"column":44}},"90":{"start":{"line":161,"column":3},"end":{"line":163,"column":4}},"91":{"start":{"line":162,"column":4},"end":{"line":162,"column":53}},"92":{"start":{"line":167,"column":1},"end":{"line":167,"column":53}},"93":{"start":{"line":167,"column":31},"end":{"line":167,"column":51}},"94":{"start":{"line":153,"column":0},"end":{"line":168,"column":1}},"95":{"start":{"line":179,"column":16},"end":{"line":208,"column":2}},"96":{"start":{"line":183,"column":4},"end":{"line":183,"column":84}},"97":{"start":{"line":189,"column":14},"end":{"line":189,"column":46}},"98":{"start":{"line":190,"column":18},"end":{"line":190,"column":31}},"99":{"start":{"line":192,"column":4},"end":{"line":192,"column":29}},"100":{"start":{"line":192,"column":16},"end":{"line":192,"column":29}},"101":{"start":{"line":193,"column":21},"end":{"line":193,"column":29}},"102":{"start":{"line":194,"column":4},"end":{"line":194,"column":85}},"103":{"start":{"line":200,"column":14},"end":{"line":200,"column":48}},"104":{"start":{"line":201,"column":18},"end":{"line":201,"column":31}},"105":{"start":{"line":203,"column":4},"end":{"line":203,"column":29}},"106":{"start":{"line":203,"column":16},"end":{"line":203,"column":29}},"107":{"start":{"line":204,"column":21},"end":{"line":204,"column":29}},"108":{"start":{"line":205,"column":4},"end":{"line":205,"column":58}},"109":{"start":{"line":210,"column":1},"end":{"line":213,"column":2}},"110":{"start":{"line":211,"column":2},"end":{"line":211,"column":69}},"111":{"start":{"line":212,"column":2},"end":{"line":212,"column":73}},"112":{"start":{"line":215,"column":1},"end":{"line":215,"column":13}},"113":{"start":{"line":178,"column":0},"end":{"line":216,"column":1}},"114":{"start":{"line":219,"column":1},"end":{"line":225,"column":10}},"115":{"start":{"line":218,"column":0},"end":{"line":226,"column":1}},"116":{"start":{"line":239,"column":42},"end":{"line":239,"column":44}},"117":{"start":{"line":241,"column":1},"end":{"line":259,"column":4}},"118":{"start":{"line":244,"column":14},"end":{"line":244,"column":19}},"119":{"start":{"line":246,"column":2},"end":{"line":251,"column":5}},"120":{"start":{"line":247,"column":3},"end":{"line":250,"column":4}},"121":{"start":{"line":248,"column":4},"end":{"line":248,"column":17}},"122":{"start":{"line":249,"column":4},"end":{"line":249,"column":26}},"123":{"start":{"line":253,"column":2},"end":{"line":258,"column":3}},"124":{"start":{"line":254,"column":3},"end":{"line":257,"column":6}},"125":{"start":{"line":262,"column":1},"end":{"line":262,"column":43}},"126":{"start":{"line":238,"column":0},"end":{"line":263,"column":1}},"127":{"start":{"line":270,"column":18},"end":{"line":270,"column":20}},"128":{"start":{"line":272,"column":1},"end":{"line":282,"column":4}},"129":{"start":{"line":273,"column":2},"end":{"line":281,"column":3}},"130":{"start":{"line":274,"column":3},"end":{"line":274,"column":20}},"131":{"start":{"line":276,"column":3},"end":{"line":280,"column":4}},"132":{"start":{"line":277,"column":4},"end":{"line":279,"column":5}},"133":{"start":{"line":278,"column":5},"end":{"line":278,"column":31}},"134":{"start":{"line":284,"column":1},"end":{"line":284,"column":12}},"135":{"start":{"line":269,"column":0},"end":{"line":285,"column":1}},"136":{"start":{"line":295,"column":14},"end":{"line":296,"column":59}},"137":{"start":{"line":296,"column":10},"end":{"line":296,"column":47}},"138":{"start":{"line":299,"column":1},"end":{"line":299,"column":26}},"139":{"start":{"line":294,"column":0},"end":{"line":300,"column":1}},"140":{"start":{"line":303,"column":13},"end":{"line":303,"column":25}},"141":{"start":{"line":305,"column":1},"end":{"line":314,"column":2}},"142":{"start":{"line":307,"column":3},"end":{"line":307,"column":52}},"143":{"start":{"line":309,"column":3},"end":{"line":309,"column":52}},"144":{"start":{"line":311,"column":3},"end":{"line":311,"column":54}},"145":{"start":{"line":313,"column":3},"end":{"line":313,"column":55}},"146":{"start":{"line":302,"column":0},"end":{"line":315,"column":1}},"147":{"start":{"line":318,"column":1},"end":{"line":318,"column":51}},"148":{"start":{"line":317,"column":0},"end":{"line":319,"column":1}},"149":{"start":{"line":322,"column":1},"end":{"line":322,"column":31}},"150":{"start":{"line":323,"column":1},"end":{"line":323,"column":23}},"151":{"start":{"line":324,"column":13},"end":{"line":324,"column":28}},"152":{"start":{"line":325,"column":1},"end":{"line":327,"column":2}},"153":{"start":{"line":326,"column":2},"end":{"line":326,"column":22}},"154":{"start":{"line":328,"column":1},"end":{"line":328,"column":12}},"155":{"start":{"line":321,"column":0},"end":{"line":329,"column":1}},"156":{"start":{"line":332,"column":1},"end":{"line":332,"column":31}},"157":{"start":{"line":333,"column":1},"end":{"line":333,"column":23}},"158":{"start":{"line":334,"column":13},"end":{"line":334,"column":28}},"159":{"start":{"line":335,"column":1},"end":{"line":337,"column":2}},"160":{"start":{"line":336,"column":2},"end":{"line":336,"column":22}},"161":{"start":{"line":338,"column":1},"end":{"line":338,"column":12}},"162":{"start":{"line":331,"column":0},"end":{"line":339,"column":1}},"163":{"start":{"line":342,"column":1},"end":{"line":342,"column":31}},"164":{"start":{"line":343,"column":1},"end":{"line":343,"column":26}},"165":{"start":{"line":344,"column":13},"end":{"line":344,"column":28}},"166":{"start":{"line":345,"column":1},"end":{"line":347,"column":2}},"167":{"start":{"line":346,"column":2},"end":{"line":346,"column":22}},"168":{"start":{"line":348,"column":1},"end":{"line":348,"column":12}},"169":{"start":{"line":341,"column":0},"end":{"line":349,"column":1}},"170":{"start":{"line":352,"column":1},"end":{"line":352,"column":31}},"171":{"start":{"line":353,"column":1},"end":{"line":353,"column":25}},"172":{"start":{"line":355,"column":13},"end":{"line":355,"column":28}},"173":{"start":{"line":357,"column":1},"end":{"line":359,"column":2}},"174":{"start":{"line":358,"column":2},"end":{"line":358,"column":22}},"175":{"start":{"line":360,"column":1},"end":{"line":360,"column":12}},"176":{"start":{"line":351,"column":0},"end":{"line":361,"column":1}}},"fnMap":{"0":{"name":"(anonymous_1)","decl":{"start":{"line":16,"column":30},"end":{"line":16,"column":31}},"loc":{"start":{"line":16,"column":53},"end":{"line":18,"column":1}}},"1":{"name":"lineRepresentsEncodedComponent","decl":{"start":{"line":20,"column":16},"end":{"line":20,"column":46}},"loc":{"start":{"line":20,"column":59},"end":{"line":23,"column":1}}},"2":{"name":"prependBaseUrl","decl":{"start":{"line":25,"column":16},"end":{"line":25,"column":30}},"loc":{"start":{"line":25,"column":43},"end":{"line":27,"column":1}}},"3":{"name":"(anonymous_4)","decl":{"start":{"line":34,"column":12},"end":{"line":34,"column":20}},"loc":{"start":{"line":34,"column":34},"end":{"line":63,"column":2}}},"4":{"name":"(anonymous_5)","decl":{"start":{"line":63,"column":12},"end":{"line":63,"column":20}},"loc":{"start":{"line":63,"column":34},"end":{"line":95,"column":2}}},"5":{"name":"(anonymous_6)","decl":{"start":{"line":99,"column":17},"end":{"line":99,"column":25}},"loc":{"start":{"line":99,"column":40},"end":{"line":120,"column":2}}},"6":{"name":"(anonymous_7)","decl":{"start":{"line":123,"column":17},"end":{"line":123,"column":25}},"loc":{"start":{"line":123,"column":41},"end":{"line":149,"column":2}}},"7":{"name":"getPostPrimaryHeadings","decl":{"start":{"line":153,"column":16},"end":{"line":153,"column":38}},"loc":{"start":{"line":153,"column":55},"end":{"line":168,"column":1}}},"8":{"name":"(anonymous_9)","decl":{"start":{"line":156,"column":26},"end":{"line":156,"column":27}},"loc":{"start":{"line":156,"column":38},"end":{"line":165,"column":2}}},"9":{"name":"(anonymous_10)","decl":{"start":{"line":167,"column":24},"end":{"line":167,"column":25}},"loc":{"start":{"line":167,"column":31},"end":{"line":167,"column":51}}},"10":{"name":"tokenizePost","decl":{"start":{"line":178,"column":16},"end":{"line":178,"column":28}},"loc":{"start":{"line":178,"column":43},"end":{"line":216,"column":1}}},"11":{"name":"(anonymous_12)","decl":{"start":{"line":182,"column":12},"end":{"line":182,"column":13}},"loc":{"start":{"line":182,"column":38},"end":{"line":184,"column":4}}},"12":{"name":"(anonymous_13)","decl":{"start":{"line":188,"column":12},"end":{"line":188,"column":13}},"loc":{"start":{"line":188,"column":38},"end":{"line":195,"column":4}}},"13":{"name":"(anonymous_14)","decl":{"start":{"line":199,"column":12},"end":{"line":199,"column":13}},"loc":{"start":{"line":199,"column":38},"end":{"line":206,"column":4}}},"14":{"name":"slugify","decl":{"start":{"line":218,"column":16},"end":{"line":218,"column":23}},"loc":{"start":{"line":218,"column":36},"end":{"line":226,"column":1}}},"15":{"name":"getPopularCategories","decl":{"start":{"line":238,"column":16},"end":{"line":238,"column":36}},"loc":{"start":{"line":238,"column":63},"end":{"line":263,"column":1}}},"16":{"name":"(anonymous_17)","decl":{"start":{"line":241,"column":18},"end":{"line":241,"column":19}},"loc":{"start":{"line":241,"column":31},"end":{"line":259,"column":2}}},"17":{"name":"(anonymous_18)","decl":{"start":{"line":246,"column":12},"end":{"line":246,"column":13}},"loc":{"start":{"line":246,"column":28},"end":{"line":251,"column":3}}},"18":{"name":"extractNodesFromEdges","decl":{"start":{"line":269,"column":16},"end":{"line":269,"column":37}},"loc":{"start":{"line":269,"column":67},"end":{"line":285,"column":1}}},"19":{"name":"(anonymous_20)","decl":{"start":{"line":272,"column":13},"end":{"line":272,"column":14}},"loc":{"start":{"line":272,"column":17},"end":{"line":282,"column":2}}},"20":{"name":"readingTime","decl":{"start":{"line":294,"column":16},"end":{"line":294,"column":27}},"loc":{"start":{"line":294,"column":44},"end":{"line":300,"column":1}}},"21":{"name":"(anonymous_22)","decl":{"start":{"line":296,"column":2},"end":{"line":296,"column":5}},"loc":{"start":{"line":296,"column":10},"end":{"line":296,"column":47}}},"22":{"name":"getConfig","decl":{"start":{"line":302,"column":16},"end":{"line":302,"column":25}},"loc":{"start":{"line":302,"column":40},"end":{"line":315,"column":1}}},"23":{"name":"normalizeCfgPath","decl":{"start":{"line":317,"column":16},"end":{"line":317,"column":32}},"loc":{"start":{"line":317,"column":56},"end":{"line":319,"column":1}}},"24":{"name":"getThemeConfig","decl":{"start":{"line":321,"column":16},"end":{"line":321,"column":30}},"loc":{"start":{"line":321,"column":74},"end":{"line":329,"column":1}}},"25":{"name":"getPostsConfig","decl":{"start":{"line":331,"column":16},"end":{"line":331,"column":30}},"loc":{"start":{"line":331,"column":74},"end":{"line":339,"column":1}}},"26":{"name":"getSettingsConfig","decl":{"start":{"line":341,"column":16},"end":{"line":341,"column":33}},"loc":{"start":{"line":341,"column":77},"end":{"line":349,"column":1}}},"27":{"name":"getPluginsConfig","decl":{"start":{"line":351,"column":16},"end":{"line":351,"column":32}},"loc":{"start":{"line":351,"column":76},"end":{"line":361,"column":1}}}},"branchMap":{"0":{"loc":{"start":{"line":21,"column":1},"end":{"line":21,"column":60}},"type":"if","locations":[{"start":{"line":21,"column":1},"end":{"line":21,"column":60}},{"start":{"line":21,"column":1},"end":{"line":21,"column":60}}]},"1":{"loc":{"start":{"line":21,"column":5},"end":{"line":21,"column":10}},"type":"binary-expr","locations":[{"start":{"line":21,"column":5},"end":{"line":21,"column":10}},{"start":{"line":21,"column":14},"end":{"line":21,"column":45}}]},"2":{"loc":{"start":{"line":51,"column":3},"end":{"line":55,"column":4}},"type":"if","locations":[{"start":{"line":51,"column":3},"end":{"line":55,"column":4}},{"start":{"line":51,"column":3},"end":{"line":55,"column":4}}]},"3":{"loc":{"start":{"line":53,"column":10},"end":{"line":55,"column":4}},"type":"if","locations":[{"start":{"line":53,"column":10},"end":{"line":55,"column":4}},{"start":{"line":53,"column":10},"end":{"line":55,"column":4}}]},"4":{"loc":{"start":{"line":82,"column":3},"end":{"line":84,"column":4}},"type":"if","locations":[{"start":{"line":82,"column":3},"end":{"line":84,"column":4}},{"start":{"line":82,"column":3},"end":{"line":84,"column":4}}]},"5":{"loc":{"start":{"line":86,"column":3},"end":{"line":88,"column":4}},"type":"if","locations":[{"start":{"line":86,"column":3},"end":{"line":88,"column":4}},{"start":{"line":86,"column":3},"end":{"line":88,"column":4}}]},"6":{"loc":{"start":{"line":106,"column":3},"end":{"line":115,"column":4}},"type":"if","locations":[{"start":{"line":106,"column":3},"end":{"line":115,"column":4}},{"start":{"line":106,"column":3},"end":{"line":115,"column":4}}]},"7":{"loc":{"start":{"line":108,"column":10},"end":{"line":115,"column":4}},"type":"if","locations":[{"start":{"line":108,"column":10},"end":{"line":115,"column":4}},{"start":{"line":108,"column":10},"end":{"line":115,"column":4}}]},"8":{"loc":{"start":{"line":108,"column":15},"end":{"line":108,"column":22}},"type":"binary-expr","locations":[{"start":{"line":108,"column":15},"end":{"line":108,"column":22}},{"start":{"line":108,"column":28},"end":{"line":108,"column":36}}]},"9":{"loc":{"start":{"line":132,"column":3},"end":{"line":144,"column":4}},"type":"if","locations":[{"start":{"line":132,"column":3},"end":{"line":144,"column":4}},{"start":{"line":132,"column":3},"end":{"line":144,"column":4}}]},"10":{"loc":{"start":{"line":135,"column":10},"end":{"line":144,"column":4}},"type":"if","locations":[{"start":{"line":135,"column":10},"end":{"line":144,"column":4}},{"start":{"line":135,"column":10},"end":{"line":144,"column":4}}]},"11":{"loc":{"start":{"line":135,"column":15},"end":{"line":135,"column":22}},"type":"binary-expr","locations":[{"start":{"line":135,"column":15},"end":{"line":135,"column":22}},{"start":{"line":135,"column":28},"end":{"line":135,"column":35}}]},"12":{"loc":{"start":{"line":157,"column":2},"end":{"line":164,"column":3}},"type":"if","locations":[{"start":{"line":157,"column":2},"end":{"line":164,"column":3}},{"start":{"line":157,"column":2},"end":{"line":164,"column":3}}]},"13":{"loc":{"start":{"line":159,"column":3},"end":{"line":159,"column":44}},"type":"if","locations":[{"start":{"line":159,"column":3},"end":{"line":159,"column":44}},{"start":{"line":159,"column":3},"end":{"line":159,"column":44}}]},"14":{"loc":{"start":{"line":159,"column":7},"end":{"line":159,"column":14}},"type":"binary-expr","locations":[{"start":{"line":159,"column":7},"end":{"line":159,"column":14}},{"start":{"line":159,"column":18},"end":{"line":159,"column":35}}]},"15":{"loc":{"start":{"line":161,"column":3},"end":{"line":163,"column":4}},"type":"if","locations":[{"start":{"line":161,"column":3},"end":{"line":163,"column":4}},{"start":{"line":161,"column":3},"end":{"line":163,"column":4}}]},"16":{"loc":{"start":{"line":192,"column":4},"end":{"line":192,"column":29}},"type":"if","locations":[{"start":{"line":192,"column":4},"end":{"line":192,"column":29}},{"start":{"line":192,"column":4},"end":{"line":192,"column":29}}]},"17":{"loc":{"start":{"line":203,"column":4},"end":{"line":203,"column":29}},"type":"if","locations":[{"start":{"line":203,"column":4},"end":{"line":203,"column":29}},{"start":{"line":203,"column":4},"end":{"line":203,"column":29}}]},"18":{"loc":{"start":{"line":247,"column":3},"end":{"line":250,"column":4}},"type":"if","locations":[{"start":{"line":247,"column":3},"end":{"line":250,"column":4}},{"start":{"line":247,"column":3},"end":{"line":250,"column":4}}]},"19":{"loc":{"start":{"line":253,"column":2},"end":{"line":258,"column":3}},"type":"if","locations":[{"start":{"line":253,"column":2},"end":{"line":258,"column":3}},{"start":{"line":253,"column":2},"end":{"line":258,"column":3}}]},"20":{"loc":{"start":{"line":269,"column":65},"end":{"line":269,"column":67}},"type":"default-arg","locations":[{"start":{"line":269,"column":65},"end":{"line":269,"column":67}}]},"21":{"loc":{"start":{"line":273,"column":2},"end":{"line":281,"column":3}},"type":"if","locations":[{"start":{"line":273,"column":2},"end":{"line":281,"column":3}},{"start":{"line":273,"column":2},"end":{"line":281,"column":3}}]},"22":{"loc":{"start":{"line":276,"column":3},"end":{"line":280,"column":4}},"type":"if","locations":[{"start":{"line":276,"column":3},"end":{"line":280,"column":4}},{"start":{"line":276,"column":3},"end":{"line":280,"column":4}}]},"23":{"loc":{"start":{"line":306,"column":2},"end":{"line":307,"column":52}},"type":"switch","locations":[{"start":{"line":306,"column":2},"end":{"line":307,"column":52}},{"start":{"line":308,"column":2},"end":{"line":309,"column":52}},{"start":{"line":310,"column":2},"end":{"line":311,"column":54}},{"start":{"line":312,"column":2},"end":{"line":313,"column":55}}]},"24":{"loc":{"start":{"line":318,"column":37},"end":{"line":318,"column":43}},"type":"cond-expr","locations":[{"start":{"line":318,"column":37},"end":{"line":318,"column":43}},{"start":{"line":318,"column":46},"end":{"line":318,"column":50}}]},"25":{"loc":{"start":{"line":325,"column":1},"end":{"line":327,"column":2}},"type":"if","locations":[{"start":{"line":325,"column":1},"end":{"line":327,"column":2}},{"start":{"line":325,"column":1},"end":{"line":327,"column":2}}]},"26":{"loc":{"start":{"line":335,"column":1},"end":{"line":337,"column":2}},"type":"if","locations":[{"start":{"line":335,"column":1},"end":{"line":337,"column":2}},{"start":{"line":335,"column":1},"end":{"line":337,"column":2}}]},"27":{"loc":{"start":{"line":345,"column":1},"end":{"line":347,"column":2}},"type":"if","locations":[{"start":{"line":345,"column":1},"end":{"line":347,"column":2}},{"start":{"line":345,"column":1},"end":{"line":347,"column":2}}]},"28":{"loc":{"start":{"line":357,"column":1},"end":{"line":359,"column":2}},"type":"if","locations":[{"start":{"line":357,"column":1},"end":{"line":359,"column":2}},{"start":{"line":357,"column":1},"end":{"line":359,"column":2}}]}},"s":{"0":2,"1":2,"2":2,"3":2,"4":2,"5":2,"6":2,"7":2,"8":2,"9":2,"10":2,"11":0,"12":1862,"13":32,"14":1830,"15":2,"16":0,"17":2,"18":2,"19":3,"20":3,"21":3,"22":3,"23":68,"24":68,"25":68,"26":68,"27":68,"28":68,"29":68,"30":68,"31":1,"32":67,"33":0,"34":68,"35":3,"36":29,"37":29,"38":29,"39":29,"40":1056,"41":1056,"42":1056,"43":1056,"44":1056,"45":1056,"46":1056,"47":1056,"48":1056,"49":1055,"50":1056,"51":1055,"52":29,"53":29,"54":3,"55":3,"56":3,"57":144,"58":144,"59":115,"60":29,"61":0,"62":0,"63":29,"64":29,"65":29,"66":3,"67":29,"68":29,"69":29,"70":29,"71":3108,"72":3108,"73":3079,"74":3079,"75":29,"76":0,"77":0,"78":0,"79":29,"80":29,"81":29,"82":29,"83":29,"84":17,"85":17,"86":56,"87":26,"88":26,"89":0,"90":26,"91":26,"92":17,"93":26,"94":2,"95":8,"96":16,"97":16,"98":16,"99":16,"100":14,"101":2,"102":2,"103":16,"104":16,"105":16,"106":14,"107":2,"108":2,"109":8,"110":24,"111":24,"112":8,"113":2,"114":5,"115":2,"116":1,"117":1,"118":6,"119":6,"120":12,"121":3,"122":3,"123":6,"124":3,"125":1,"126":2,"127":2,"128":2,"129":2,"130":1,"131":1,"132":1,"133":1,"134":2,"135":2,"136":4,"137":1804,"138":4,"139":2,"140":73,"141":73,"142":33,"143":10,"144":14,"145":16,"146":2,"147":74,"148":2,"149":33,"150":33,"151":33,"152":33,"153":1,"154":32,"155":2,"156":10,"157":10,"158":10,"159":10,"160":1,"161":9,"162":2,"163":16,"164":16,"165":16,"166":16,"167":1,"168":15,"169":2,"170":14,"171":14,"172":14,"173":14,"174":1,"175":13,"176":2},"f":{"0":0,"1":1862,"2":0,"3":3,"4":29,"5":3,"6":29,"7":17,"8":56,"9":26,"10":8,"11":16,"12":16,"13":16,"14":5,"15":1,"16":6,"17":12,"18":2,"19":2,"20":4,"21":1804,"22":73,"23":74,"24":33,"25":10,"26":16,"27":14},"b":{"0":[32,1830],"1":[1862,1843],"2":[1,67],"3":[0,67],"4":[1055,1],"5":[1055,1],"6":[115,29],"7":[0,29],"8":[29,29],"9":[3079,29],"10":[0,29],"11":[29,29],"12":[26,30],"13":[0,26],"14":[26,26],"15":[26,0],"16":[14,2],"17":[14,2],"18":[3,9],"19":[3,3],"20":[1],"21":[1,1],"22":[1,0],"23":[33,10,14,16],"24":[9,65],"25":[1,32],"26":[1,9],"27":[1,15],"28":[1,13]}}
}
