TN:
SF:/home/ciokan/Projects/personal/qards/src/cms/utils.ts
FN:3,encodeWidgetDataObject
FN:7,decodeWidgetDataObject
FNF:2
FNH:2
FNDA:1,encodeWidgetDataObject
FNDA:27,decodeWidgetDataObject
DA:1,2
DA:3,2
DA:4,1
DA:7,2
DA:8,27
LF:5
LH:5
BRF:0
BRH:0
end_of_record
TN:
SF:/home/ciokan/Projects/personal/qards/src/utils/helpers.ts
FN:16,(anonymous_1)
FN:20,lineRepresentsEncodedComponent
FN:25,prependBaseUrl
FN:34,(anonymous_4)
FN:63,(anonymous_5)
FN:99,(anonymous_6)
FN:123,(anonymous_7)
FN:153,getPostPrimaryHeadings
FN:156,(anonymous_9)
FN:167,(anonymous_10)
FN:178,tokenizePost
FN:182,(anonymous_12)
FN:188,(anonymous_13)
FN:199,(anonymous_14)
FN:218,slugify
FN:238,getPopularCategories
FN:241,(anonymous_17)
FN:246,(anonymous_18)
FN:269,extractNodesFromEdges
FN:272,(anonymous_20)
FN:294,readingTime
FN:296,(anonymous_22)
FN:302,getConfig
FN:317,normalizeCfgPath
FN:321,getThemeConfig
FN:331,getPostsConfig
FN:341,getSettingsConfig
FN:351,getPluginsConfig
FNF:28
FNH:26
FNDA:0,(anonymous_1)
FNDA:1862,lineRepresentsEncodedComponent
FNDA:0,prependBaseUrl
FNDA:3,(anonymous_4)
FNDA:29,(anonymous_5)
FNDA:3,(anonymous_6)
FNDA:29,(anonymous_7)
FNDA:17,getPostPrimaryHeadings
FNDA:56,(anonymous_9)
FNDA:26,(anonymous_10)
FNDA:8,tokenizePost
FNDA:16,(anonymous_12)
FNDA:16,(anonymous_13)
FNDA:16,(anonymous_14)
FNDA:5,slugify
FNDA:1,getPopularCategories
FNDA:6,(anonymous_17)
FNDA:12,(anonymous_18)
FNDA:2,extractNodesFromEdges
FNDA:2,(anonymous_20)
FNDA:4,readingTime
FNDA:1804,(anonymous_22)
FNDA:73,getConfig
FNDA:74,normalizeCfgPath
FNDA:33,getThemeConfig
FNDA:10,getPostsConfig
FNDA:16,getSettingsConfig
FNDA:14,getPluginsConfig
DA:1,2
DA:2,2
DA:6,2
DA:7,2
DA:8,2
DA:10,2
DA:11,2
DA:12,2
DA:13,2
DA:15,2
DA:16,2
DA:17,0
DA:20,2
DA:21,1862
DA:22,1830
DA:25,2
DA:26,0
DA:29,2
DA:35,3
DA:37,3
DA:39,3
DA:41,3
DA:42,68
DA:43,68
DA:44,68
DA:46,68
DA:47,68
DA:48,68
DA:49,68
DA:51,68
DA:52,1
DA:53,67
DA:54,0
DA:57,68
DA:62,3
DA:64,29
DA:67,29
DA:69,29
DA:70,29
DA:71,1056
DA:72,1056
DA:73,1056
DA:74,1056
DA:76,1056
DA:77,1056
DA:78,1056
DA:80,1056
DA:82,1056
DA:83,1055
DA:86,1056
DA:87,1055
DA:92,29
DA:94,29
DA:100,3
DA:101,3
DA:103,3
DA:104,144
DA:106,144
DA:107,115
DA:108,29
DA:109,0
DA:110,0
DA:112,29
DA:113,29
DA:114,29
DA:119,3
DA:124,29
DA:125,29
DA:127,29
DA:129,29
DA:130,3108
DA:132,3108
DA:133,3079
DA:134,3079
DA:135,29
DA:136,0
DA:137,0
DA:138,0
DA:140,29
DA:141,29
DA:142,29
DA:143,29
DA:148,29
DA:153,2
DA:154,17
DA:156,17
DA:157,56
DA:158,26
DA:159,26
DA:161,26
DA:162,26
DA:167,26
DA:178,2
DA:179,8
DA:183,16
DA:189,16
DA:190,16
DA:192,16
DA:193,2
DA:194,2
DA:200,16
DA:201,16
DA:203,16
DA:204,2
DA:205,2
DA:210,8
DA:211,24
DA:212,24
DA:215,8
DA:218,2
DA:219,5
DA:238,2
DA:239,1
DA:241,1
DA:244,6
DA:246,6
DA:247,12
DA:248,3
DA:249,3
DA:253,6
DA:254,3
DA:262,1
DA:269,2
DA:270,2
DA:272,2
DA:273,2
DA:274,1
DA:276,1
DA:277,1
DA:278,1
DA:284,2
DA:294,2
DA:295,4
DA:296,1804
DA:299,4
DA:302,2
DA:303,73
DA:305,73
DA:307,33
DA:309,10
DA:311,14
DA:313,16
DA:317,2
DA:318,74
DA:321,2
DA:322,33
DA:323,33
DA:324,33
DA:325,33
DA:326,1
DA:328,32
DA:331,2
DA:332,10
DA:333,10
DA:334,10
DA:335,10
DA:336,1
DA:338,9
DA:341,2
DA:342,16
DA:343,16
DA:344,16
DA:345,16
DA:346,1
DA:348,15
DA:351,2
DA:352,14
DA:353,14
DA:355,14
DA:357,14
DA:358,1
DA:360,13
LF:172
LH:164
BRDA:21,0,0,32
BRDA:21,0,1,1830
BRDA:21,1,0,1862
BRDA:21,1,1,1843
BRDA:51,2,0,1
BRDA:51,2,1,67
BRDA:53,3,0,0
BRDA:53,3,1,67
BRDA:82,4,0,1055
BRDA:82,4,1,1
BRDA:86,5,0,1055
BRDA:86,5,1,1
BRDA:106,6,0,115
BRDA:106,6,1,29
BRDA:108,7,0,0
BRDA:108,7,1,29
BRDA:108,8,0,29
BRDA:108,8,1,29
BRDA:132,9,0,3079
BRDA:132,9,1,29
BRDA:135,10,0,0
BRDA:135,10,1,29
BRDA:135,11,0,29
BRDA:135,11,1,29
BRDA:157,12,0,26
BRDA:157,12,1,30
BRDA:159,13,0,0
BRDA:159,13,1,26
BRDA:159,14,0,26
BRDA:159,14,1,26
BRDA:161,15,0,26
BRDA:161,15,1,0
BRDA:192,16,0,14
BRDA:192,16,1,2
BRDA:203,17,0,14
BRDA:203,17,1,2
BRDA:247,18,0,3
BRDA:247,18,1,9
BRDA:253,19,0,3
BRDA:253,19,1,3
BRDA:269,20,0,1
BRDA:273,21,0,1
BRDA:273,21,1,1
BRDA:276,22,0,1
BRDA:276,22,1,0
BRDA:306,23,0,33
BRDA:306,23,1,10
BRDA:306,23,2,14
BRDA:306,23,3,16
BRDA:318,24,0,9
BRDA:318,24,1,65
BRDA:325,25,0,1
BRDA:325,25,1,32
BRDA:335,26,0,1
BRDA:335,26,1,9
BRDA:345,27,0,1
BRDA:345,27,1,15
BRDA:357,28,0,1
BRDA:357,28,1,13
BRF:59
BRH:53
end_of_record
